{
  message: 'Successfully connect to DB',
  level: 'info',
  timestamp: '2020-10-27T17:17:09.898Z'
}
{
  message: 'App is running on http://localhost:4000',
  level: 'info',
  timestamp: '2020-10-27T17:17:09.904Z'
}
{
  message: 'GET 200 /users {} Body {} size 2 - 64.659 ms\n',
  level: 'info',
  timestamp: '2020-10-27T17:17:17.805Z'
}
{
  message: 'POST 200 /boards {} Body {"title":"Autotest board","columns":[{"title":"Backlog","order":1},{"title":"Sprint","order":2}]} size 195 - 95.876 ms\n',
  level: 'info',
  timestamp: '2020-10-27T17:17:17.865Z'
}
{
  message: 'POST 200 /boards {} Body {"title":"Autotest board","columns":[{"title":"Backlog","order":1},{"title":"Sprint","order":2}]} size 195 - 140.728 ms\n',
  level: 'info',
  timestamp: '2020-10-27T17:17:17.925Z'
}
{
  message: 'POST 200 /users {} Body {"name":"TEST_USER","login":"test_user""password":"***"} size 72 - 173.545 ms\n',
  level: 'info',
  timestamp: '2020-10-27T17:17:17.989Z'
}
{
  message: 'GET 200 /boards {} Body {} size 393 - 161.553 ms\n',
  level: 'info',
  timestamp: '2020-10-27T17:17:18.041Z'
}
{
  message: 'POST 200 /boards/5f98561d9de2f24538a4e141/tasks {} Body {"title":"Autotest task","order":0,"description":"Lorem ipsum","userId":null,"boardId":"5f98561d9de2f24538a4e141","columnId":null} size 162 - 158.025 ms\n',
  level: 'info',
  timestamp: '2020-10-27T17:17:18.098Z'
}
{
  message: 'GET 200 /users/5f98561d9de2f24538a4e144 {} Body {} size 72 - 118.058 ms\n',
  level: 'info',
  timestamp: '2020-10-27T17:17:18.111Z'
}
{
  message: 'GET 200 /boards {} Body {} size 393 - 97.353 ms\n',
  level: 'info',
  timestamp: '2020-10-27T17:17:18.148Z'
}
{
  message: 'GET 200 /boards/5f98561d9de2f24538a4e141/tasks {} Body {} size 164 - 73.783 ms\n',
  level: 'info',
  timestamp: '2020-10-27T17:17:18.186Z'
}
{
  message: 'GET 200 /boards/5f98561d9de2f24538a4e13e {} Body {} size 195 - 50.321 ms\n',
  level: 'info',
  timestamp: '2020-10-27T17:17:18.203Z'
}
{
  message: 'DELETE 204 /users/5f98561d9de2f24538a4e144 {} Body {} size - - 107.714 ms\n',
  level: 'info',
  timestamp: '2020-10-27T17:17:18.223Z'
}
{
  message: 'GET 200 /boards/5f98561d9de2f24538a4e141/tasks {} Body {} size 164 - 55.934 ms\n',
  level: 'info',
  timestamp: '2020-10-27T17:17:18.250Z'
}
{
  message: 'POST 200 /boards {} Body {"title":"Autotest board","columns":[{"title":"Backlog","order":1},{"title":"Sprint","order":2}]} size 195 - 70.373 ms\n',
  level: 'info',
  timestamp: '2020-10-27T17:17:18.281Z'
}
{
  message: 'POST 200 /users {} Body {"name":"TEST_USER","login":"test_user""password":"***"} size 72 - 55.740 ms\n',
  level: 'info',
  timestamp: '2020-10-27T17:17:18.283Z'
}
{
  message: 'GET 200 /boards/5f98561d9de2f24538a4e141/tasks/5f98561d9de2f24538a4e145 {} Body {} size 162 - 50.643 ms\n',
  level: 'info',
  timestamp: '2020-10-27T17:17:18.305Z'
}
{
  message: 'POST 200 /boards/5f98561d9de2f24538a4e141/tasks {} Body {"title":"Autotest task","order":0,"description":"Lorem ipsum","userId":null,"boardId":"5f98561d9de2f24538a4e141","columnId":null} size 162 - 67.107 ms\n',
  level: 'info',
  timestamp: '2020-10-27T17:17:18.378Z'
}
{
  message: 'DELETE 204 /users/5f98561e9de2f24538a4e149 {} Body {} size - - 110.276 ms\n',
  level: 'info',
  timestamp: '2020-10-27T17:17:18.400Z'
}
{
  message: 'DELETE 204 /boards/5f98561e9de2f24538a4e146 {} Body {} size - - 130.835 ms\n',
  level: 'info',
  timestamp: '2020-10-27T17:17:18.417Z'
}
{
  message: 'POST 200 /boards {} Body {"title":"Autotest board","columns":[{"title":"Backlog","order":1},{"title":"Sprint","order":2}]} size 195 - 358.300 ms\n',
  level: 'info',
  timestamp: '2020-10-27T17:17:18.779Z'
}
{
  message: 'POST 200 /users {} Body {"name":"TEST_USER","login":"test_user""password":"***"} size 72 - 378.437 ms\n',
  level: 'info',
  timestamp: '2020-10-27T17:17:18.782Z'
}
{
  message: 'DELETE 204 /boards/5f98561d9de2f24538a4e141/tasks/5f98561e9de2f24538a4e14a {} Body {} size - - 446.235 ms\n',
  level: 'info',
  timestamp: '2020-10-27T17:17:18.829Z'
}
{
  message: 'PUT 200 /boards/5f98561e9de2f24538a4e14c {} Body {"id":"5f98561e9de2f24538a4e14c","title":"Autotest updated board","columns":[{"_id":"5f98561e9de2f24538a4e14d","title":"Backlog","order":1},{"_id":"5f98561e9de2f24538a4e14e","title":"Sprint","order":2}]} size 203 - 112.862 ms\n',
  level: 'info',
  timestamp: '2020-10-27T17:17:18.898Z'
}
{
  message: 'POST 200 /boards/5f98561d9de2f24538a4e141/tasks {} Body {"title":"Autotest task","order":0,"description":"Lorem ipsum","userId":null,"boardId":"5f98561d9de2f24538a4e141","columnId":null} size 162 - 67.647 ms\n',
  level: 'info',
  timestamp: '2020-10-27T17:17:18.901Z'
}
{
  message: 'GET 200 /boards/5f98561e9de2f24538a4e14c {} Body {} size 203 - 59.860 ms\n',
  level: 'info',
  timestamp: '2020-10-27T17:17:18.963Z'
}
{
  message: 'PUT 200 /users/5f98561e9de2f24538a4e14b {} Body {"name":"Autotest updated TEST_USER","login":"test_user""password":"***"} size 89 - 177.976 ms\n',
  level: 'info',
  timestamp: '2020-10-27T17:17:18.966Z'
}
{
  message: 'GET 200 /users/5f98561e9de2f24538a4e14b {} Body {} size 89 - 55.558 ms\n',
  level: 'info',
  timestamp: '2020-10-27T17:17:19.030Z'
}
{
  message: 'PUT 200 /boards/5f98561d9de2f24538a4e141/tasks/5f98561e9de2f24538a4e151 {} Body {"id":"5f98561e9de2f24538a4e151","title":"Autotest updated task","order":0,"description":"Lorem ipsum","userId":null,"boardId":"5f98561d9de2f24538a4e141","columnId":null} size 170 - 182.690 ms\n',
  level: 'info',
  timestamp: '2020-10-27T17:17:19.087Z'
}
{
  message: 'DELETE 204 /boards/5f98561e9de2f24538a4e14c {} Body {} size - - 116.102 ms\n',
  level: 'info',
  timestamp: '2020-10-27T17:17:19.090Z'
}
{
  message: 'DELETE 204 /users/5f98561e9de2f24538a4e14b {} Body {} size - - 114.826 ms\n',
  level: 'info',
  timestamp: '2020-10-27T17:17:19.148Z'
}
{
  message: 'GET 200 /boards/5f98561d9de2f24538a4e141/tasks/5f98561e9de2f24538a4e151 {} Body {} size 170 - 63.701 ms\n',
  level: 'info',
  timestamp: '2020-10-27T17:17:19.155Z'
}
{
  message: 'POST 200 /boards {} Body {"title":"Autotest board","columns":[{"title":"Backlog","order":1},{"title":"Sprint","order":2}]} size 195 - 63.011 ms\n',
  level: 'info',
  timestamp: '2020-10-27T17:17:19.158Z'
}
{
  message: 'POST 200 /users {} Body {"name":"TEST_USER","login":"test_user""password":"***"} size 72 - 67.944 ms\n',
  level: 'info',
  timestamp: '2020-10-27T17:17:19.220Z'
}
{
  message: 'GET 200 /boards/5f98561d9de2f24538a4e141/tasks/5f98561d9de2f24538a4e145 {} Body {} size 162 - 62.156 ms\n',
  level: 'info',
  timestamp: '2020-10-27T17:17:19.222Z'
}
{
  message: 'DELETE 204 /boards/5f98561f9de2f24538a4e152 {} Body {} size - - 416.519 ms\n',
  level: 'info',
  timestamp: '2020-10-27T17:17:19.578Z'
}
{
  message: 'GET 404 /boards/5f98561f9de2f24538a4e152 {} Body {} size 55 - 56.541 ms\n',
  level: 'info',
  timestamp: '2020-10-27T17:17:19.638Z'
}
{
  message: 'DELETE 204 /users/5f98561f9de2f24538a4e155 {} Body {} size - - 422.163 ms\n',
  level: 'info',
  timestamp: '2020-10-27T17:17:19.646Z'
}
{
  message: 'DELETE 204 /boards/5f98561d9de2f24538a4e141/tasks/5f98561d9de2f24538a4e145 {} Body {} size - - 425.819 ms\n',
  level: 'info',
  timestamp: '2020-10-27T17:17:19.653Z'
}
{
  message: 'POST 200 /boards {} Body {"title":"Autotest board","columns":[{"title":"Backlog","order":1},{"title":"Sprint","order":2}]} size 195 - 52.873 ms\n',
  level: 'info',
  timestamp: '2020-10-27T17:17:19.695Z'
}
{
  message: 'POST 200 /users {} Body {"name":"TEST_USER","login":"test_user""password":"***"} size 72 - 67.012 ms\n',
  level: 'info',
  timestamp: '2020-10-27T17:17:19.717Z'
}
{
  message: 'GET 404 /boards/5f98561d9de2f24538a4e141/tasks/5f98561d9de2f24538a4e145 {} Body {} size 54 - 62.525 ms\n',
  level: 'info',
  timestamp: '2020-10-27T17:17:19.718Z'
}
{
  message: 'POST 200 /boards/5f98561f9de2f24538a4e156/tasks {} Body {"title":"Task #1","order":1,"description":"Lorem ipsum","boardId":"5f98561f9de2f24538a4e156","userId":null,"columnId":null} size 156 - 71.155 ms\n',
  level: 'info',
  timestamp: '2020-10-27T17:17:19.772Z'
}
{
  message: 'POST 200 /boards {} Body {"title":"Autotest board","columns":[{"title":"Backlog","order":1},{"title":"Sprint","order":2}]} size 195 - 54.665 ms\n',
  level: 'info',
  timestamp: '2020-10-27T17:17:19.776Z'
}
{
  message: 'POST 200 /boards/5f98561f9de2f24538a4e156/tasks {} Body {"title":"Task #2","order":2,"description":"Lorem ipsum","boardId":"5f98561f9de2f24538a4e156","userId":null,"columnId":null} size 156 - 73.781 ms\n',
  level: 'info',
  timestamp: '2020-10-27T17:17:19.779Z'
}
{
  message: 'POST 200 /boards/5f98561f9de2f24538a4e156/tasks {} Body {"title":"Task #4","order":4,"description":"Lorem ipsum","boardId":"5f98561f9de2f24538a4e156","userId":null,"columnId":null} size 156 - 70.488 ms\n',
  level: 'info',
  timestamp: '2020-10-27T17:17:19.782Z'
}
{
  message: 'POST 200 /boards/5f98561f9de2f24538a4e156/tasks {} Body {"title":"Task #3","order":3,"description":"Lorem ipsum","boardId":"5f98561f9de2f24538a4e156","userId":null,"columnId":null} size 156 - 82.005 ms\n',
  level: 'info',
  timestamp: '2020-10-27T17:17:19.790Z'
}
{
  message: 'POST 200 /boards/5f98561f9de2f24538a4e156/tasks {} Body {"title":"Task #5","order":5,"description":"Lorem ipsum","boardId":"5f98561f9de2f24538a4e156","userId":null,"columnId":null} size 156 - 78.617 ms\n',
  level: 'info',
  timestamp: '2020-10-27T17:17:19.792Z'
}
{
  message: 'DELETE 204 /boards/5f98561d9de2f24538a4e141 {} Body {} size - - 120.246 ms\n',
  level: 'info',
  timestamp: '2020-10-27T17:17:19.844Z'
}
{
  message: 'POST 200 /boards/5f98561f9de2f24538a4e15f/tasks {} Body {"title":"Task #2","order":2,"description":"Lorem ipsum","userId":"5f98561f9de2f24538a4e159","boardId":"5f98561f9de2f24538a4e15f"} size 162 - 58.980 ms\n',
  level: 'info',
  timestamp: '2020-10-27T17:17:19.847Z'
}
{
  message: 'POST 200 /boards/5f98561f9de2f24538a4e15f/tasks {} Body {"title":"Task #1","order":1,"description":"Lorem ipsum","userId":"5f98561f9de2f24538a4e159","boardId":"5f98561f9de2f24538a4e15f"} size 162 - 65.112 ms\n',
  level: 'info',
  timestamp: '2020-10-27T17:17:19.849Z'
}
{
  message: 'GET 200 /boards/5f98561f9de2f24538a4e156/tasks/5f98561f9de2f24538a4e15a {} Body {} size 156 - 57.047 ms\n',
  level: 'info',
  timestamp: '2020-10-27T17:17:19.855Z'
}
{
  message: 'GET 200 /boards/5f98561f9de2f24538a4e156/tasks/5f98561f9de2f24538a4e15c {} Body {} size 156 - 59.080 ms\n',
  level: 'info',
  timestamp: '2020-10-27T17:17:19.859Z'
}
{
  message: 'GET 200 /boards/5f98561f9de2f24538a4e156/tasks/5f98561f9de2f24538a4e15b {} Body {} size 156 - 63.680 ms\n',
  level: 'info',
  timestamp: '2020-10-27T17:17:19.863Z'
}
{
  message: 'GET 200 /boards/5f98561f9de2f24538a4e156/tasks/5f98561f9de2f24538a4e15d {} Body {} size 156 - 70.120 ms\n',
  level: 'info',
  timestamp: '2020-10-27T17:17:19.870Z'
}
{
  message: 'GET 200 /boards/5f98561f9de2f24538a4e156/tasks/5f98561f9de2f24538a4e15e {} Body {} size 156 - 95.778 ms\n',
  level: 'info',
  timestamp: '2020-10-27T17:17:19.897Z'
}
{
  message: 'DELETE 204 /users/5f98561f9de2f24538a4e159 {} Body {} size - - 124.193 ms\n',
  level: 'info',
  timestamp: '2020-10-27T17:17:19.976Z'
}
{
  message: 'DELETE 204 /boards/5f98561f9de2f24538a4e156 {} Body {} size - - 120.374 ms\n',
  level: 'info',
  timestamp: '2020-10-27T17:17:20.021Z'
}
{
  message: 'GET 200 /boards/5f98561f9de2f24538a4e15f/tasks/5f98561f9de2f24538a4e162 {} Body {} size 140 - 63.476 ms\n',
  level: 'info',
  timestamp: '2020-10-27T17:17:20.045Z'
}
{
  message: 'GET 404 /boards/5f98561f9de2f24538a4e156/tasks/5f98561f9de2f24538a4e15d {} Body {} size 54 - 50.383 ms\n',
  level: 'info',
  timestamp: '2020-10-27T17:17:20.078Z'
}
{
  message: 'GET 404 /boards/5f98561f9de2f24538a4e156/tasks/5f98561f9de2f24538a4e15c {} Body {} size 54 - 51.373 ms\n',
  level: 'info',
  timestamp: '2020-10-27T17:17:20.079Z'
}
{
  message: 'GET 404 /boards/5f98561f9de2f24538a4e156/tasks/5f98561f9de2f24538a4e15a {} Body {} size 54 - 63.179 ms\n',
  level: 'info',
  timestamp: '2020-10-27T17:17:20.089Z'
}
{
  message: 'GET 404 /boards/5f98561f9de2f24538a4e156/tasks/5f98561f9de2f24538a4e15e {} Body {} size 54 - 61.669 ms\n',
  level: 'info',
  timestamp: '2020-10-27T17:17:20.091Z'
}
{
  message: 'GET 404 /boards/5f98561f9de2f24538a4e156/tasks/5f98561f9de2f24538a4e15b {} Body {} size 54 - 65.560 ms\n',
  level: 'info',
  timestamp: '2020-10-27T17:17:20.092Z'
}
{
  message: 'GET 200 /boards/5f98561f9de2f24538a4e15f/tasks/5f98561f9de2f24538a4e163 {} Body {} size 140 - 58.980 ms\n',
  level: 'info',
  timestamp: '2020-10-27T17:17:20.108Z'
}
{
  message: 'DELETE 204 /boards/5f98561d9de2f24538a4e13e {} Body {} size - - 116.011 ms\n',
  level: 'info',
  timestamp: '2020-10-27T17:17:20.213Z'
}
{
  message: 'DELETE 204 /boards/5f98561f9de2f24538a4e15f/tasks/5f98561f9de2f24538a4e162 {} Body {} size - - 115.396 ms\n',
  level: 'info',
  timestamp: '2020-10-27T17:17:20.228Z'
}
{
  message: 'DELETE 204 /boards/5f98561f9de2f24538a4e15f/tasks/5f98561f9de2f24538a4e163 {} Body {} size - - 122.833 ms\n',
  level: 'info',
  timestamp: '2020-10-27T17:17:20.234Z'
}
{
  message: 'DELETE 204 /boards/5f98561f9de2f24538a4e15f {} Body {} size - - 129.508 ms\n',
  level: 'info',
  timestamp: '2020-10-27T17:17:20.366Z'
}
{
  message: 'Successfully connect to DB',
  level: 'info',
  timestamp: '2020-10-27T17:17:32.718Z'
}
{
  message: 'App is running on http://localhost:4000',
  level: 'info',
  timestamp: '2020-10-27T17:17:32.740Z'
}
{
  message: 'Successfully connect to DB',
  level: 'info',
  timestamp: '2020-10-27T17:17:38.083Z'
}
{
  message: 'App is running on http://localhost:4000',
  level: 'info',
  timestamp: '2020-10-27T17:17:38.089Z'
}
{
  message: 'Successfully connect to DB',
  level: 'info',
  timestamp: '2020-10-27T17:17:45.827Z'
}
{
  message: 'App is running on http://localhost:4000',
  level: 'info',
  timestamp: '2020-10-27T17:17:45.832Z'
}
